<?xml version="1.0" encoding="UTF-8" ?>
<testsuite failures="0" time="0.01" errors="2" skipped="0" tests="2" name="com.stackmob.oauthhttpservice.HttpRequestSignerTests">
  <properties>
[...]
</properties>
  <testcase time="0.004" classname="com.stackmob.oauthhttpservice.HttpRequestSignerTests" name="testSignWithBody">
    <error message="Error while creating the Api object" type="org.scribe.exceptions.OAuthException">org.scribe.exceptions.OAuthException: Error while creating the Api object
	at org.scribe.builder.ServiceBuilder.createApi(ServiceBuilder.java:59)
	at org.scribe.builder.ServiceBuilder.provider(ServiceBuilder.java:45)
	at com.stackmob.oauthhttpservice.HttpRequestSigner.&lt;init&gt;(HttpRequestSigner.java:34)
	at com.stackmob.oauthhttpservice.HttpRequestSignerTests.testSignWithBody(HttpRequestSignerTests.java:30)
	at sun.reflect.NativeMethodAccessorImpl.invoke0(Native Method)
	at sun.reflect.NativeMethodAccessorImpl.invoke(NativeMethodAccessorImpl.java:39)
	at sun.reflect.DelegatingMethodAccessorImpl.invoke(DelegatingMethodAccessorImpl.java:25)
	at java.lang.reflect.Method.invoke(Method.java:597)
	at org.junit.runners.model.FrameworkMethod$1.runReflectiveCall(FrameworkMethod.java:45)
	at org.junit.internal.runners.model.ReflectiveCallable.run(ReflectiveCallable.java:15)
	at org.junit.runners.model.FrameworkMethod.invokeExplosively(FrameworkMethod.java:42)
	at org.junit.internal.runners.statements.InvokeMethod.evaluate(InvokeMethod.java:20)
	at org.junit.runners.ParentRunner.runLeaf(ParentRunner.java:263)
	at org.junit.runners.BlockJUnit4ClassRunner.runChild(BlockJUnit4ClassRunner.java:68)
	at org.junit.runners.BlockJUnit4ClassRunner.runChild(BlockJUnit4ClassRunner.java:47)
	at org.junit.runners.ParentRunner$3.run(ParentRunner.java:231)
	at java.util.concurrent.Executors$RunnableAdapter.call(Executors.java:441)
	at java.util.concurrent.FutureTask$Sync.innerRun(FutureTask.java:303)
	at java.util.concurrent.FutureTask.run(FutureTask.java:138)
	at java.util.concurrent.ThreadPoolExecutor$Worker.runTask(ThreadPoolExecutor.java:886)
	at java.util.concurrent.ThreadPoolExecutor$Worker.run(ThreadPoolExecutor.java:908)
	at java.lang.Thread.run(Thread.java:680)
Caused by: java.lang.IllegalAccessException: Class org.scribe.builder.ServiceBuilder can not access a member of class com.stackmob.oauthhttpservice.HttpRequestSignerAPI with modifiers &quot;&quot;
	at sun.reflect.Reflection.ensureMemberAccess(Reflection.java:65)
	at java.lang.Class.newInstance0(Class.java:349)
	at java.lang.Class.newInstance(Class.java:308)
	at org.scribe.builder.ServiceBuilder.createApi(ServiceBuilder.java:55)
	... 21 more
</error>
  </testcase>
  <testcase time="0.001" classname="com.stackmob.oauthhttpservice.HttpRequestSignerTests" name="testSignWithoutBody">
    <error message="Error while creating the Api object" type="org.scribe.exceptions.OAuthException">org.scribe.exceptions.OAuthException: Error while creating the Api object
	at org.scribe.builder.ServiceBuilder.createApi(ServiceBuilder.java:59)
	at org.scribe.builder.ServiceBuilder.provider(ServiceBuilder.java:45)
	at com.stackmob.oauthhttpservice.HttpRequestSigner.&lt;init&gt;(HttpRequestSigner.java:34)
	at com.stackmob.oauthhttpservice.HttpRequestSignerTests.testSignWithoutBody(HttpRequestSignerTests.java:23)
	at sun.reflect.NativeMethodAccessorImpl.invoke0(Native Method)
	at sun.reflect.NativeMethodAccessorImpl.invoke(NativeMethodAccessorImpl.java:39)
	at sun.reflect.DelegatingMethodAccessorImpl.invoke(DelegatingMethodAccessorImpl.java:25)
	at java.lang.reflect.Method.invoke(Method.java:597)
	at org.junit.runners.model.FrameworkMethod$1.runReflectiveCall(FrameworkMethod.java:45)
	at org.junit.internal.runners.model.ReflectiveCallable.run(ReflectiveCallable.java:15)
	at org.junit.runners.model.FrameworkMethod.invokeExplosively(FrameworkMethod.java:42)
	at org.junit.internal.runners.statements.InvokeMethod.evaluate(InvokeMethod.java:20)
	at org.junit.runners.ParentRunner.runLeaf(ParentRunner.java:263)
	at org.junit.runners.BlockJUnit4ClassRunner.runChild(BlockJUnit4ClassRunner.java:68)
	at org.junit.runners.BlockJUnit4ClassRunner.runChild(BlockJUnit4ClassRunner.java:47)
	at org.junit.runners.ParentRunner$3.run(ParentRunner.java:231)
	at java.util.concurrent.Executors$RunnableAdapter.call(Executors.java:441)
	at java.util.concurrent.FutureTask$Sync.innerRun(FutureTask.java:303)
	at java.util.concurrent.FutureTask.run(FutureTask.java:138)
	at java.util.concurrent.ThreadPoolExecutor$Worker.runTask(ThreadPoolExecutor.java:886)
	at java.util.concurrent.ThreadPoolExecutor$Worker.run(ThreadPoolExecutor.java:908)
	at java.lang.Thread.run(Thread.java:680)
Caused by: java.lang.IllegalAccessException: Class org.scribe.builder.ServiceBuilder can not access a member of class com.stackmob.oauthhttpservice.HttpRequestSignerAPI with modifiers &quot;&quot;
	at sun.reflect.Reflection.ensureMemberAccess(Reflection.java:65)
	at java.lang.Class.newInstance0(Class.java:349)
	at java.lang.Class.newInstance(Class.java:308)
	at org.scribe.builder.ServiceBuilder.createApi(ServiceBuilder.java:55)
	... 21 more
</error>
  </testcase>
</testsuite>